2022-11-20 11:59:41,613 INFO o.a.j.u.JMeterUtils: Setting Locale to en_EN
2022-11-20 11:59:41,633 INFO o.a.j.JMeter: Loading user properties from: user.properties
2022-11-20 11:59:41,634 INFO o.a.j.JMeter: Loading system properties from: system.properties
2022-11-20 11:59:41,644 INFO o.a.j.JMeter: Copyright (c) 1998-2022 The Apache Software Foundation
2022-11-20 11:59:41,644 INFO o.a.j.JMeter: Version 5.5
2022-11-20 11:59:41,644 INFO o.a.j.JMeter: java.version=1.8.0_351
2022-11-20 11:59:41,644 INFO o.a.j.JMeter: java.vm.name=Java HotSpot(TM) 64-Bit Server VM
2022-11-20 11:59:41,644 INFO o.a.j.JMeter: os.name=Mac OS X
2022-11-20 11:59:41,644 INFO o.a.j.JMeter: os.arch=x86_64
2022-11-20 11:59:41,644 INFO o.a.j.JMeter: os.version=11.2.3
2022-11-20 11:59:41,644 INFO o.a.j.JMeter: file.encoding=UTF-8
2022-11-20 11:59:41,644 INFO o.a.j.JMeter: java.awt.headless=true
2022-11-20 11:59:41,644 INFO o.a.j.JMeter: Max memory     =1073741824
2022-11-20 11:59:41,644 INFO o.a.j.JMeter: Available Processors =4
2022-11-20 11:59:41,648 INFO o.a.j.JMeter: Default Locale=English (EN)
2022-11-20 11:59:41,649 INFO o.a.j.JMeter: JMeter  Locale=English (EN)
2022-11-20 11:59:41,649 INFO o.a.j.JMeter: JMeterHome=/Users/lena/Desktop/apache-jmeter-5.5
2022-11-20 11:59:41,649 INFO o.a.j.JMeter: user.dir  =/Users/lena/Desktop/apache-jmeter-5.5/bin
2022-11-20 11:59:41,649 INFO o.a.j.JMeter: PWD       =/Users/lena/Desktop/apache-jmeter-5.5/bin
2022-11-20 11:59:46,658 INFO o.a.j.JMeter: IP: 192.168.0.104 Name: MacBook-Air-Lena.local FullName: 192.168.0.104
2022-11-20 11:59:46,695 INFO o.a.j.JMeter: Setting property 'jmeter.reportgenerator.outputdir' to:'/Users/lena/Desktop/apache-jmeter-5.5/bin/Test1'
2022-11-20 11:59:46,706 INFO o.a.j.r.d.ReportGenerator: ReportGenerator will use for Parsing the separator: ','
2022-11-20 11:59:46,706 INFO o.a.j.r.d.ReportGenerator: Will only generate report from results file: jmeter1.jtl
2022-11-20 11:59:46,706 INFO o.a.j.r.d.ReportGenerator: Reading report generator properties from: /Users/lena/Desktop/apache-jmeter-5.5/bin/reportgenerator.properties
2022-11-20 11:59:46,708 INFO o.a.j.r.d.ReportGenerator: Merging with JMeter properties
2022-11-20 11:59:46,719 INFO o.a.j.r.c.ReportGeneratorConfiguration: Property 'jmeter.reportgenerator.temp_dir' not found, using default value 'temp' instead.
2022-11-20 11:59:46,723 INFO o.a.j.r.c.ReportGeneratorConfiguration: Property 'jmeter.reportgenerator.apdex_per_transaction' not found, using default value 'null' instead.
2022-11-20 11:59:46,733 INFO o.a.j.r.c.ReportGeneratorConfiguration: apdex_per_transaction is empty, not APDEX per transaction customization
2022-11-20 11:59:46,733 INFO o.a.j.r.c.ReportGeneratorConfiguration: Property 'jmeter.reportgenerator.sample_filter' not found, using default value 'null' instead.
2022-11-20 11:59:46,734 INFO o.a.j.r.c.ReportGeneratorConfiguration: Property 'jmeter.reportgenerator.report_title' not found, using default value 'null' instead.
2022-11-20 11:59:46,734 INFO o.a.j.r.c.ReportGeneratorConfiguration: Property 'jmeter.reportgenerator.start_date' not found, using default value 'null' instead.
2022-11-20 11:59:46,734 INFO o.a.j.r.c.ReportGeneratorConfiguration: Property 'jmeter.reportgenerator.end_date' not found, using default value 'null' instead.
2022-11-20 11:59:46,734 INFO o.a.j.r.c.ReportGeneratorConfiguration: Property 'jmeter.reportgenerator.date_format' not found, using default value 'null' instead.
2022-11-20 11:59:46,737 INFO o.a.j.r.c.ReportGeneratorConfiguration: Will use date range start date: null, end date: null
2022-11-20 11:59:46,748 INFO o.a.j.r.c.ReportGeneratorConfiguration: Property 'jmeter.reportgenerator.graph.totalTPS.exclude_controllers' not found, using default value 'false' instead.
2022-11-20 11:59:46,748 INFO o.a.j.r.c.ReportGeneratorConfiguration: Property 'jmeter.reportgenerator.graph.activeThreadsOverTime.exclude_controllers' not found, using default value 'false' instead.
2022-11-20 11:59:46,748 INFO o.a.j.r.c.ReportGeneratorConfiguration: Property 'jmeter.reportgenerator.graph.timeVsThreads.exclude_controllers' not found, using default value 'false' instead.
2022-11-20 11:59:46,748 INFO o.a.j.r.c.ReportGeneratorConfiguration: Property 'jmeter.reportgenerator.graph.responseTimeDistribution.exclude_controllers' not found, using default value 'false' instead.
2022-11-20 11:59:46,749 INFO o.a.j.r.c.ReportGeneratorConfiguration: Property 'jmeter.reportgenerator.graph.transactionsPerSecond.exclude_controllers' not found, using default value 'false' instead.
2022-11-20 11:59:46,749 INFO o.a.j.r.c.ReportGeneratorConfiguration: Property 'jmeter.reportgenerator.graph.responseTimePercentiles.exclude_controllers' not found, using default value 'false' instead.
2022-11-20 11:59:46,749 INFO o.a.j.r.c.ReportGeneratorConfiguration: Property 'jmeter.reportgenerator.graph.responseTimePercentilesOverTime.exclude_controllers' not found, using default value 'false' instead.
2022-11-20 11:59:46,749 INFO o.a.j.r.c.ReportGeneratorConfiguration: Property 'jmeter.reportgenerator.graph.responseTimesOverTime.exclude_controllers' not found, using default value 'false' instead.
2022-11-20 11:59:46,749 INFO o.a.j.r.c.ReportGeneratorConfiguration: Property 'jmeter.reportgenerator.graph.connectTimeOverTime.exclude_controllers' not found, using default value 'false' instead.
2022-11-20 11:59:46,750 INFO o.a.j.r.c.ReportGeneratorConfiguration: Property 'jmeter.reportgenerator.graph.latenciesOverTime.exclude_controllers' not found, using default value 'false' instead.
2022-11-20 11:59:46,751 INFO o.a.j.r.c.ReportGeneratorConfiguration: Property 'jmeter.reportgenerator.exporter.json.filters_only_sample_series' not found, using default value 'true' instead.
2022-11-20 11:59:46,751 INFO o.a.j.r.c.ReportGeneratorConfiguration: Property 'jmeter.reportgenerator.exporter.json.series_filter' not found, using default value '' instead.
2022-11-20 11:59:46,751 INFO o.a.j.r.c.ReportGeneratorConfiguration: Property 'jmeter.reportgenerator.exporter.json.show_controllers_only' not found, using default value 'false' instead.
2022-11-20 11:59:46,752 INFO o.a.j.r.c.ReportGeneratorConfiguration: Property 'jmeter.reportgenerator.exporter.html.filters_only_sample_series' not found, using default value 'true' instead.
2022-11-20 11:59:46,752 INFO o.a.j.r.c.ReportGeneratorConfiguration: Property 'jmeter.reportgenerator.exporter.html.series_filter' not found, using default value '' instead.
2022-11-20 11:59:46,752 INFO o.a.j.r.c.ReportGeneratorConfiguration: Property 'jmeter.reportgenerator.exporter.html.show_controllers_only' not found, using default value 'false' instead.
2022-11-20 11:59:46,935 INFO o.a.j.s.SaveService: Testplan (JMX) version: 2.2. Testlog (JTL) version: 2.2
2022-11-20 11:59:46,953 INFO o.a.j.s.SaveService: Using SaveService properties file encoding UTF-8
2022-11-20 11:59:46,958 INFO o.a.j.s.SaveService: Using SaveService properties version 5.0
2022-11-20 11:59:46,996 INFO o.a.j.r.p.NormalizerSampleConsumer: Using format, 'ms', to parse timeStamp field
2022-11-20 11:59:47,248 INFO o.a.j.r.p.AbstractSampleConsumer: class org.apache.jmeter.report.processor.AggregateConsumer#stopProducing(): beginDate produced 0 samples
2022-11-20 11:59:47,248 INFO o.a.j.r.p.AbstractSampleConsumer: class org.apache.jmeter.report.processor.AggregateConsumer#stopProducing(): endDate produced 0 samples
2022-11-20 11:59:47,254 INFO o.a.j.r.p.AbstractSampleConsumer: class org.apache.jmeter.report.processor.ApdexSummaryConsumer#stopProducing(): apdexSummary produced 0 samples
2022-11-20 11:59:47,254 INFO o.a.j.r.p.AbstractSampleConsumer: class org.apache.jmeter.report.processor.RequestsSummaryConsumer#stopProducing(): requestsSummary produced 0 samples
2022-11-20 11:59:47,264 INFO o.a.j.r.p.AbstractSampleConsumer: class org.apache.jmeter.report.processor.StatisticsSummaryConsumer#stopProducing(): statisticsSummary produced 0 samples
2022-11-20 11:59:47,276 INFO o.a.j.r.p.AbstractSampleConsumer: class org.apache.jmeter.report.processor.Top5ErrorsBySamplerConsumer#stopProducing(): top5ErrorsBySampler produced 0 samples
2022-11-20 11:59:47,276 INFO o.a.j.r.p.AbstractSampleConsumer: class org.apache.jmeter.report.processor.ErrorsSummaryConsumer#stopProducing(): errorsSummary produced 0 samples
2022-11-20 11:59:47,276 INFO o.a.j.r.p.AbstractSampleConsumer: class org.apache.jmeter.report.processor.graph.impl.HitsPerSecondGraphConsumer#stopProducing(): hitsPerSecond produced 0 samples
2022-11-20 11:59:47,323 INFO o.a.j.r.p.AbstractSampleConsumer: class org.apache.jmeter.report.processor.graph.impl.LatencyVSRequestGraphConsumer#stopProducing(): latencyVsRequest produced 0 samples
2022-11-20 11:59:47,323 INFO o.a.j.r.p.AbstractSampleConsumer: class org.apache.jmeter.report.processor.graph.impl.SyntheticResponseTimeDistributionGraphConsumer#stopProducing(): syntheticResponseTimeDistribution produced 0 samples
2022-11-20 11:59:47,324 INFO o.a.j.r.p.AbstractSampleConsumer: class org.apache.jmeter.report.processor.graph.impl.BytesThroughputGraphConsumer#stopProducing(): bytesThroughputOverTime produced 0 samples
2022-11-20 11:59:47,324 INFO o.a.j.r.p.AbstractSampleConsumer: class org.apache.jmeter.report.processor.graph.impl.CodesPerSecondGraphConsumer#stopProducing(): codesPerSecond produced 0 samples
2022-11-20 11:59:47,343 INFO o.a.j.r.p.AbstractSampleConsumer: class org.apache.jmeter.report.processor.graph.impl.ResponseTimeVSRequestGraphConsumer#stopProducing(): responseTimeVsRequest produced 0 samples
2022-11-20 11:59:47,344 INFO o.a.j.r.p.AbstractSampleConsumer: class org.apache.jmeter.report.processor.FilterConsumer#stopProducing(): startIntervalControlerFilter produced 13104 samples
2022-11-20 11:59:47,344 INFO o.a.j.r.p.AbstractSampleConsumer: class org.apache.jmeter.report.processor.graph.impl.TotalTPSGraphConsumer#stopProducing(): totalTPS produced 0 samples
2022-11-20 11:59:47,344 INFO o.a.j.r.p.AbstractSampleConsumer: class org.apache.jmeter.report.processor.graph.impl.ActiveThreadsGraphConsumer#stopProducing(): activeThreadsOverTime produced 0 samples
2022-11-20 11:59:47,344 INFO o.a.j.r.p.AbstractSampleConsumer: class org.apache.jmeter.report.processor.graph.impl.TimeVSThreadGraphConsumer#stopProducing(): timeVsThreads produced 0 samples
2022-11-20 11:59:47,345 INFO o.a.j.r.p.AbstractSampleConsumer: class org.apache.jmeter.report.processor.graph.impl.ResponseTimeDistributionGraphConsumer#stopProducing(): responseTimeDistribution produced 0 samples
2022-11-20 11:59:47,345 INFO o.a.j.r.p.AbstractSampleConsumer: class org.apache.jmeter.report.processor.graph.impl.TransactionsPerSecondGraphConsumer#stopProducing(): transactionsPerSecond produced 0 samples
2022-11-20 11:59:47,345 INFO o.a.j.r.p.AbstractSampleConsumer: class org.apache.jmeter.report.processor.graph.impl.ResponseTimePercentilesGraphConsumer#stopProducing(): responseTimePercentiles produced 0 samples
2022-11-20 11:59:47,348 INFO o.a.j.r.p.AbstractSampleConsumer: class org.apache.jmeter.report.processor.graph.impl.ResponseTimePercentilesOverTimeGraphConsumer#stopProducing(): responseTimePercentilesOverTime produced 0 samples
2022-11-20 11:59:47,349 INFO o.a.j.r.p.AbstractSampleConsumer: class org.apache.jmeter.report.processor.graph.impl.ResponseTimeOverTimeGraphConsumer#stopProducing(): responseTimesOverTime produced 0 samples
2022-11-20 11:59:47,349 INFO o.a.j.r.p.AbstractSampleConsumer: class org.apache.jmeter.report.processor.graph.impl.ConnectTimeOverTimeGraphConsumer#stopProducing(): connectTimeOverTime produced 0 samples
2022-11-20 11:59:47,349 INFO o.a.j.r.p.AbstractSampleConsumer: class org.apache.jmeter.report.processor.graph.impl.LatencyOverTimeGraphConsumer#stopProducing(): latenciesOverTime produced 0 samples
2022-11-20 11:59:47,349 INFO o.a.j.r.p.AbstractSampleConsumer: class org.apache.jmeter.report.processor.FilterConsumer#stopProducing(): nameFilter produced 37410 samples
2022-11-20 11:59:47,349 INFO o.a.j.r.p.AbstractSampleConsumer: class org.apache.jmeter.report.processor.FilterConsumer#stopProducing(): dateRangeFilter produced 7482 samples
2022-11-20 11:59:47,349 INFO o.a.j.r.p.AbstractSampleConsumer: class org.apache.jmeter.report.processor.NormalizerSampleConsumer#stopProducing(): normalizer produced 2494 samples
2022-11-20 11:59:47,350 INFO o.a.j.r.p.CsvFileSampleSource: produce(): 2494 samples produced in 316ms on channel 0
2022-11-20 11:59:47,350 INFO o.a.j.r.d.ReportGenerator: Exporting data using exporter:'json' of className:'org.apache.jmeter.report.dashboard.JsonExporter'
2022-11-20 11:59:47,612 INFO o.a.j.r.d.JsonExporter: Found data for consumer statisticsSummary in context
2022-11-20 11:59:47,612 INFO o.a.j.r.d.JsonExporter: Creating statistics for overall
2022-11-20 11:59:47,612 INFO o.a.j.r.d.JsonExporter: Creating statistics for other transactions
2022-11-20 11:59:47,613 INFO o.a.j.r.d.JsonExporter: Checking output folder
2022-11-20 11:59:47,614 INFO o.a.j.r.d.JsonExporter: Writing statistics JSON to /Users/lena/Desktop/apache-jmeter-5.5/bin/Test1/statistics.json
2022-11-20 11:59:47,678 INFO o.a.j.r.d.ReportGenerator: Exporting data using exporter:'html' of className:'org.apache.jmeter.report.dashboard.HtmlTemplateExporter'
2022-11-20 11:59:47,681 INFO o.a.j.r.d.HtmlTemplateExporter: Will generate dashboard in folder: /Users/lena/Desktop/apache-jmeter-5.5/bin/Test1
2022-11-20 11:59:47,868 INFO o.a.j.r.d.HtmlTemplateExporter: Report will be generated in: /Users/lena/Desktop/apache-jmeter-5.5/bin/Test1, creating folder structure
2022-11-20 11:59:47,876 INFO o.a.j.r.d.TemplateVisitor: Copying folder from '/Users/lena/Desktop/apache-jmeter-5.5/bin/report-template' to '/Users/lena/Desktop/apache-jmeter-5.5/bin/Test1', got message: /Users/lena/Desktop/apache-jmeter-5.5/bin/Test1, found non empty folder with following content [/Users/lena/Desktop/apache-jmeter-5.5/bin/Test1/statistics.json], will be ignored
